<?xml version="1.0" encoding="UTF-8"?>
<!-- Generated by org.testng.reporters.JUnitReportReporter -->
<testsuite skipped="0" hostname="DESKTOP-V64TCNQ" name="Tests.NewTest4" tests="3" failures="0" timestamp="2020-02-12T14:24:41 EST" time="12.832" errors="0">
  <testcase name="verifylink1" time="0.467" classname="Tests.NewTest4"/>
  <testcase name="verifylink2" time="7.040" classname="Tests.NewTest4"/>
  <testcase name="verifylink3" time="5.325" classname="Tests.NewTest4"/>
</testsuite> <!-- Tests.NewTest4 -->
