<?xml version="1.0" encoding="UTF-8"?>
<!-- Generated by org.testng.reporters.JUnitReportReporter -->
<testsuite skipped="0" hostname="DESKTOP-V64TCNQ" name="Tests.NewTest5" tests="1" failures="0" timestamp="2020-02-12T14:24:41 EST" time="33.417" errors="0">
  <testcase name="calclate" time="33.417" classname="Tests.NewTest5"/>
</testsuite> <!-- Tests.NewTest5 -->
