<?xml version="1.0" encoding="UTF-8"?>
<!-- Generated by org.testng.reporters.JUnitReportReporter -->
<testsuite skipped="0" hostname="DESKTOP-V64TCNQ" name="Tests.NewTest6" tests="3" failures="0" timestamp="2020-02-12T15:37:44 EST" time="51.455" errors="0">
  <testcase name="verifyolx" time="18.100" classname="Tests.NewTest6"/>
  <testcase name="verifyolx" time="18.123" classname="Tests.NewTest6"/>
  <testcase name="verifyolx" time="15.232" classname="Tests.NewTest6"/>
</testsuite> <!-- Tests.NewTest6 -->
