<?xml version="1.0" encoding="UTF-8"?>
<!-- Generated by org.testng.reporters.JUnitReportReporter -->
<testsuite skipped="0" hostname="DESKTOP-V64TCNQ" name="Tests.NewTest1" tests="2" failures="0" timestamp="2020-02-12T12:31:35 EST" time="0.007" errors="0">
  <testcase name="Search" time="0.003" classname="Tests.NewTest1"/>
  <testcase name="Help" time="0.004" classname="Tests.NewTest1"/>
</testsuite> <!-- Tests.NewTest1 -->
