<?xml version="1.0" encoding="UTF-8"?>
<!-- Generated by org.testng.reporters.JUnitReportReporter -->
<testsuite skipped="0" hostname="DESKTOP-V64TCNQ" name="Tests.NewTest3" tests="4" failures="0" timestamp="2020-02-12T12:31:35 EST" time="0.019" errors="0">
  <testcase name="Composemail" time="0.002" classname="Tests.NewTest3"/>
  <testcase name="Deletemail" time="0.013" classname="Tests.NewTest3"/>
  <testcase name="Draftmail" time="0.003" classname="Tests.NewTest3"/>
  <testcase name="Sendmail" time="0.001" classname="Tests.NewTest3"/>
</testsuite> <!-- Tests.NewTest3 -->
