<?xml version="1.0" encoding="UTF-8"?>
<!-- Generated by org.testng.reporters.JUnitReportReporter -->
<testsuite skipped="0" hostname="DESKTOP-V64TCNQ" name="Tests.NewTest2" tests="2" failures="0" timestamp="2020-02-12T12:31:35 EST" time="0.009" errors="0">
  <testcase name="Buy" time="0.002" classname="Tests.NewTest2"/>
  <testcase name="Delete" time="0.007" classname="Tests.NewTest2"/>
</testsuite> <!-- Tests.NewTest2 -->
